<?xml version="1.0" encoding="UTF-8"?>
<!-- Generated by org.testng.reporters.JUnitReportReporter -->
<testsuite hostname="LAPTOP-HC0J4JP3" failures="0" tests="4" name="com.Qa.Hybrid.testcases.RegisterTest" time="115.206" errors="0" timestamp="2024-10-19T18:03:13 IST" skipped="0">
  <testcase classname="com.Qa.Hybrid.testcases.RegisterTest" name="VerifyRegisteringanAccountbyprovidingonlytheMandatoryfields" time="18.630"/>
  <testcase classname="com.Qa.Hybrid.testcases.RegisterTest" name="VerifyRegisteringanAccountbyprovidingonAlltheMandatoryfields" time="21.984"/>
  <testcase classname="com.Qa.Hybrid.testcases.RegisterTest" name="VerifyRegisteringanAccountbyprovidingExistingEmail" time="55.474"/>
  <testcase classname="com.Qa.Hybrid.testcases.RegisterTest" name="withoutfillingAnydeatil" time="19.118"/>
</testsuite> <!-- com.Qa.Hybrid.testcases.RegisterTest -->
