<?xml version="1.0" encoding="UTF-8"?>
<!-- Generated by org.testng.reporters.JUnitReportReporter -->
<testsuite hostname="LAPTOP-HC0J4JP3" failures="0" tests="3" name="com.Qa.Hybrid.testcases.SearchTest" time="39.882" errors="0" timestamp="2024-10-19T18:03:13 IST" skipped="0">
  <testcase classname="com.Qa.Hybrid.testcases.SearchTest" name="Verify_searching_with_an_existing_Product_Name" time="13.702"/>
  <testcase classname="com.Qa.Hybrid.testcases.SearchTest" name="Verify_searching_with_an_Nonexisting_Product_Name" time="12.646"/>
  <testcase classname="com.Qa.Hybrid.testcases.SearchTest" name="Verify_searching_with_an_Blank_Product_Name" time="13.534"/>
</testsuite> <!-- com.Qa.Hybrid.testcases.SearchTest -->
