<?xml version="1.0" encoding="UTF-8"?>
<!-- Generated by org.testng.reporters.JUnitReportReporter -->
<testsuite hostname="LAPTOP-HC0J4JP3" failures="0" tests="7" name="com.Qa.Hybrid.testcases.LoginTest" time="125.996" errors="0" timestamp="2024-10-19T18:03:13 IST" skipped="0">
  <testcase classname="com.Qa.Hybrid.testcases.LoginTest" name="Verify_logging_into_the_Application_using_valid_credentials" time="23.892"/>
  <testcase classname="com.Qa.Hybrid.testcases.LoginTest" name="Verify_logging_into_the_Application_using_valid_credentials" time="18.098"/>
  <testcase classname="com.Qa.Hybrid.testcases.LoginTest" name="Verify_logging_into_the_Application_using_valid_credentials" time="13.778"/>
  <testcase classname="com.Qa.Hybrid.testcases.LoginTest" name="Verify_logging_into_the_Application_using_invalid_credentials" time="16.495"/>
  <testcase classname="com.Qa.Hybrid.testcases.LoginTest" name="Verify_logging_into_the_Application_using_invalid_email_address_and_validPassword" time="16.753"/>
  <testcase classname="com.Qa.Hybrid.testcases.LoginTest" name="Verify_logging_into_the_Application_using_valid_email_address_and_invalidPassword" time="21.200"/>
  <testcase classname="com.Qa.Hybrid.testcases.LoginTest" name="Verify_logging_into_the_Application_using_NO_email_address_and_NOvalidPassword" time="15.780"/>
</testsuite> <!-- com.Qa.Hybrid.testcases.LoginTest -->
